c:\users\sam79\desktop\git\minesam\minesam\release\vc141.pdb
c:\users\sam79\desktop\git\minesam\minesam\release\vertexbuffer.obj
c:\users\sam79\desktop\git\minesam\minesam\release\transformation.obj
c:\users\sam79\desktop\git\minesam\minesam\release\tool.obj
c:\users\sam79\desktop\git\minesam\minesam\release\textureatlas.obj
c:\users\sam79\desktop\git\minesam\minesam\release\texture.obj
c:\users\sam79\desktop\git\minesam\minesam\release\shader.obj
c:\users\sam79\desktop\git\minesam\minesam\release\player.obj
c:\users\sam79\desktop\git\minesam\minesam\release\perlin.obj
c:\users\sam79\desktop\git\minesam\minesam\release\openglcontext.obj
c:\users\sam79\desktop\git\minesam\minesam\release\main.obj
c:\users\sam79\desktop\git\minesam\minesam\release\engine.obj
c:\users\sam79\desktop\git\minesam\minesam\release\chunk.obj
c:\users\sam79\desktop\git\minesam\minesam\release\blockinfo.obj
c:\users\sam79\desktop\git\minesam\release\minesam.exe
c:\users\sam79\desktop\git\minesam\release\minesam.pdb
c:\users\sam79\desktop\git\minesam\release\minesam.ipdb
c:\users\sam79\desktop\git\minesam\release\minesam.iobj
c:\users\sam79\desktop\git\minesam\minesam\release\minesam.tlog\cl.command.1.tlog
c:\users\sam79\desktop\git\minesam\minesam\release\minesam.tlog\cl.read.1.tlog
c:\users\sam79\desktop\git\minesam\minesam\release\minesam.tlog\cl.write.1.tlog
c:\users\sam79\desktop\git\minesam\minesam\release\minesam.tlog\link.command.1.tlog
c:\users\sam79\desktop\git\minesam\minesam\release\minesam.tlog\link.read.1.tlog
c:\users\sam79\desktop\git\minesam\minesam\release\minesam.tlog\link.write.1.tlog
c:\users\sam79\desktop\git\minesam\minesam\release\minesam.tlog\minesam.write.1u.tlog
